{"message":"✌️ DB loaded and connected!","level":"info","timestamp":"2021-12-20 17:11:16"}
{"message":"✌️ Agenda injected into container","level":"info","timestamp":"2021-12-20 17:11:17"}
{"message":"✌️ Dependency Injector loaded","level":"info","timestamp":"2021-12-20 17:11:17"}
{"message":"✌️ Jobs loaded","level":"info","timestamp":"2021-12-20 17:11:17"}
{"message":"✌️ Express loaded","level":"info","timestamp":"2021-12-20 17:11:17"}
{"message":"\n      ################################################\n      🛡️  Server listening on port: 4001 🛡️ \n      ################################################\n    ","level":"info","timestamp":"2021-12-20 17:11:17"}
{"level":"info","message":"Calling auth endpoint with body: {}","timestamp":"2021-12-20 17:11:22"}
{"message":"API [common.route] called.","level":"info","timestamp":"2021-12-20 17:11:22"}
{"message":"[common.service.ts] material choice data found.","level":"info","timestamp":"2021-12-20 17:11:22"}
{"message":"API [Gland-Size-cal.route] called.","level":"info","timestamp":"2021-12-20 17:11:23"}
{"message":"[Gland-Size-cal.service] if condition called.","level":"info","timestamp":"2021-12-20 17:11:23"}
{"level":"info","message":"Calling auth endpoint with body: {}","timestamp":"2021-12-20 17:11:41"}
{"message":"API [common.route] called.","level":"info","timestamp":"2021-12-20 17:11:41"}
{"message":"[common.service.ts] material choice data found.","level":"info","timestamp":"2021-12-20 17:11:41"}
{"message":"API [ar-wr-cal.route] called.","level":"info","timestamp":"2021-12-20 17:11:41"}
{"message":"API [ar-wr-cal.route] called.","level":"info","timestamp":"2021-12-20 17:11:41"}
{"message":"[ar-wr-cal.service] function getArWrCalcDropDownItems if condition called.","level":"info","timestamp":"2021-12-20 17:11:41"}
{"message":"[ar-wr-cal.service] if condition called.","level":"info","timestamp":"2021-12-20 17:11:41"}
{"level":"info","message":"Calling auth endpoint with body: {}","timestamp":"2021-12-20 17:14:27"}
{"message":"API [common.route] called.","level":"info","timestamp":"2021-12-20 17:14:28"}
{"message":"[common.service.ts] material choice data found.","level":"info","timestamp":"2021-12-20 17:14:28"}
{"message":"API [ar-wr-cal.route] called.","level":"info","timestamp":"2021-12-20 17:14:28"}
{"message":"API [ar-wr-cal.route] called.","level":"info","timestamp":"2021-12-20 17:14:28"}
{"message":"[ar-wr-cal.service] function getArWrCalcDropDownItems if condition called.","level":"info","timestamp":"2021-12-20 17:14:28"}
{"message":"[ar-wr-cal.service] if condition called.","level":"info","timestamp":"2021-12-20 17:14:28"}
